<?xml version="1.0" encoding="UTF-8"?>
<testng-results ignored="0" total="2" passed="2" failed="0" skipped="0">
  <reporter-output>
  </reporter-output>
  <suite started-at="2024-08-04T12:19:13 IST" name="Master Suite" finished-at="2024-08-04T12:19:22 IST" duration-ms="9190">
    <groups>
      <group name="Master">
        <method signature="TC001_AccountRegistrationTest.varify_account_registration()[pri:0, instance:testCases.TC001_AccountRegistrationTest@7e242b4d]" name="varify_account_registration" class="testCases.TC001_AccountRegistrationTest"/>
        <method signature="TC002_LoginTest.verify_Login()[pri:0, instance:testCases.TC002_LoginTest@1d1f7216]" name="verify_Login" class="testCases.TC002_LoginTest"/>
      </group> <!-- Master -->
      <group name="Sanity">
        <method signature="TC002_LoginTest.verify_Login()[pri:0, instance:testCases.TC002_LoginTest@1d1f7216]" name="verify_Login" class="testCases.TC002_LoginTest"/>
      </group> <!-- Sanity -->
      <group name="Regression">
        <method signature="TC001_AccountRegistrationTest.varify_account_registration()[pri:0, instance:testCases.TC001_AccountRegistrationTest@7e242b4d]" name="varify_account_registration" class="testCases.TC001_AccountRegistrationTest"/>
      </group> <!-- Regression -->
    </groups>
    <test started-at="2024-08-04T12:19:13 IST" name="Test" finished-at="2024-08-04T12:19:22 IST" duration-ms="9190">
      <class name="testCases.TC002_LoginTest">
        <test-method is-config="true" signature="setup(java.lang.String,java.lang.String)[pri:0, instance:testCases.TC002_LoginTest@1d1f7216]" started-at="2024-08-04T12:19:18 IST" name="setup" finished-at="2024-08-04T12:19:21 IST" duration-ms="2189" status="PASS">
          <params>
            <param index="0">
              <value>
                <![CDATA[Window]]>
              </value>
            </param>
            <param index="1">
              <value>
                <![CDATA[chrome]]>
              </value>
            </param>
          </params>
          <reporter-output>
          </reporter-output>
        </test-method> <!-- setup -->
        <test-method signature="verify_Login()[pri:0, instance:testCases.TC002_LoginTest@1d1f7216]" started-at="2024-08-04T12:19:21 IST" name="verify_Login" finished-at="2024-08-04T12:19:22 IST" duration-ms="1394" status="PASS">
          <reporter-output>
          </reporter-output>
        </test-method> <!-- verify_Login -->
        <test-method is-config="true" signature="tearDown()[pri:0, instance:testCases.TC002_LoginTest@1d1f7216]" started-at="2024-08-04T12:19:22 IST" name="tearDown" finished-at="2024-08-04T12:19:22 IST" duration-ms="301" status="PASS">
          <reporter-output>
          </reporter-output>
        </test-method> <!-- tearDown -->
      </class> <!-- testCases.TC002_LoginTest -->
      <class name="testCases.TC001_AccountRegistrationTest">
        <test-method is-config="true" signature="setup(java.lang.String,java.lang.String)[pri:0, instance:testCases.TC001_AccountRegistrationTest@7e242b4d]" started-at="2024-08-04T12:19:13 IST" name="setup" finished-at="2024-08-04T12:19:16 IST" duration-ms="2825" status="PASS">
          <params>
            <param index="0">
              <value>
                <![CDATA[Window]]>
              </value>
            </param>
            <param index="1">
              <value>
                <![CDATA[chrome]]>
              </value>
            </param>
          </params>
          <reporter-output>
          </reporter-output>
        </test-method> <!-- setup -->
        <test-method signature="varify_account_registration()[pri:0, instance:testCases.TC001_AccountRegistrationTest@7e242b4d]" started-at="2024-08-04T12:19:16 IST" name="varify_account_registration" finished-at="2024-08-04T12:19:18 IST" duration-ms="1921" status="PASS">
          <reporter-output>
          </reporter-output>
        </test-method> <!-- varify_account_registration -->
        <test-method is-config="true" signature="tearDown()[pri:0, instance:testCases.TC001_AccountRegistrationTest@7e242b4d]" started-at="2024-08-04T12:19:18 IST" name="tearDown" finished-at="2024-08-04T12:19:18 IST" duration-ms="267" status="PASS">
          <reporter-output>
          </reporter-output>
        </test-method> <!-- tearDown -->
      </class> <!-- testCases.TC001_AccountRegistrationTest -->
    </test> <!-- Test -->
  </suite> <!-- Master Suite -->
</testng-results>
